# JRE version: OpenJDK Runtime Environment (17.0.6) (build 17.0.6+0-b2043.56-10027231)
# Java VM: OpenJDK 64-Bit Server VM (17.0.6+0-b2043.56-10027231, mixed mode, tiered, compressed oops, compressed class ptrs, g1 gc, windows-amd64)
GC Precious Log:
 CPUs: 8 total, 8 available
 Memory: 16179M
 Large Page Support: Disabled
 NUMA Support: Disabled
 Compressed Oops: Enabled (32-bit)
 Heap Region Size: 1M
 Heap Min Capacity: 8M
 Heap Initial Capacity: 254M
 Heap Max Capacity: 2G
 Pre-touch: Disabled
 Parallel Workers: 8
 Concurrent Workers: 2
 Concurrent Refinement Workers: 8
 Periodic GC: Disabled
Heap:
 garbage-first heap   total 194560K, used 131650K [0x0000000080000000, 0x0000000100000000)
  region size 1024K, 5 young (5120K), 4 survivors (4096K)
 Metaspace       used 121729K, committed 122624K, reserved 1155072K
  class space    used 16992K, committed 17408K, reserved 1048576K
GC Heap History (20 events):
Event: 16.067 GC heap before
{Heap before GC invocations=49 (full 0):
 garbage-first heap   total 187392K, used 146918K [0x0000000080000000, 0x0000000100000000)
  region size 1024K, 56 young (57344K), 1 survivors (1024K)
 Metaspace       used 95143K, committed 95808K, reserved 1138688K
  class space    used 13022K, committed 13312K, reserved 1048576K
}
Event: 16.074 GC heap after
{Heap after GC invocations=50 (full 0):
 garbage-first heap   total 187392K, used 96440K [0x0000000080000000, 0x0000000100000000)
  region size 1024K, 7 young (7168K), 7 survivors (7168K)
 Metaspace       used 95143K, committed 95808K, reserved 1138688K
  class space    used 13022K, committed 13312K, reserved 1048576K
}
Event: 16.730 GC heap before
{Heap before GC invocations=50 (full 0):
 garbage-first heap   total 187392K, used 147640K [0x0000000080000000, 0x0000000100000000)
  region size 1024K, 58 young (59392K), 7 survivors (7168K)
 Metaspace       used 95918K, committed 96576K, reserved 1138688K
  class space    used 13090K, committed 13376K, reserved 1048576K
}
Event: 16.736 GC heap after
{Heap after GC invocations=51 (full 0):
 garbage-first heap   total 187392K, used 100270K [0x0000000080000000, 0x0000000100000000)
  region size 1024K, 6 young (6144K), 6 survivors (6144K)
 Metaspace       used 95918K, committed 96576K, reserved 1138688K
  class space    used 13090K, committed 13376K, reserved 1048576K
}
Event: 17.616 GC heap before
{Heap before GC invocations=51 (full 0):
 garbage-first heap   total 187392K, used 149422K [0x0000000080000000, 0x0000000100000000)
  region size 1024K, 55 young (56320K), 6 survivors (6144K)
 Metaspace       used 99641K, committed 100416K, reserved 1138688K
  class space    used 13587K, committed 13952K, reserved 1048576K
}
Event: 17.622 GC heap after
{Heap after GC invocations=52 (full 0):
 garbage-first heap   total 187392K, used 105230K [0x0000000080000000, 0x0000000100000000)
  region size 1024K, 6 young (6144K), 6 survivors (6144K)
 Metaspace       used 99641K, committed 100416K, reserved 1138688K
  class space    used 13587K, committed 13952K, reserved 1048576K
}
Event: 18.713 GC heap before
{Heap before GC invocations=52 (full 0):
 garbage-first heap   total 187392K, used 151310K [0x0000000080000000, 0x0000000100000000)
  region size 1024K, 52 young (53248K), 6 survivors (6144K)
 Metaspace       used 100663K, committed 101440K, reserved 1138688K
  class space    used 13760K, committed 14144K, reserved 1048576K
}
Event: 18.719 GC heap after
{Heap after GC invocations=53 (full 0):
 garbage-first heap   total 187392K, used 108972K [0x0000000080000000, 0x0000000100000000)
  region size 1024K, 5 young (5120K), 5 survivors (5120K)
 Metaspace       used 100663K, committed 101440K, reserved 1138688K
  class space    used 13760K, committed 14144K, reserved 1048576K
}
Event: 34.633 GC heap before
{Heap before GC invocations=53 (full 0):
 garbage-first heap   total 187392K, used 153004K [0x0000000080000000, 0x0000000100000000)
  region size 1024K, 48 young (49152K), 5 survivors (5120K)
 Metaspace       used 106764K, committed 107520K, reserved 1146880K
  class space    used 14555K, committed 14912K, reserved 1048576K
}
Event: 34.640 GC heap after
{Heap after GC invocations=54 (full 0):
 garbage-first heap   total 187392K, used 112522K [0x0000000080000000, 0x0000000100000000)
  region size 1024K, 4 young (4096K), 4 survivors (4096K)
 Metaspace       used 106764K, committed 107520K, reserved 1146880K
  class space    used 14555K, committed 14912K, reserved 1048576K
}
Event: 35.395 GC heap before
{Heap before GC invocations=55 (full 0):
 garbage-first heap   total 194560K, used 153482K [0x0000000080000000, 0x0000000100000000)
  region size 1024K, 45 young (46080K), 4 survivors (4096K)
 Metaspace       used 114756K, committed 115520K, reserved 1155072K
  class space    used 15981K, committed 16384K, reserved 1048576K
}
Event: 35.401 GC heap after
{Heap after GC invocations=56 (full 0):
 garbage-first heap   total 194560K, used 115259K [0x0000000080000000, 0x0000000100000000)
  region size 1024K, 3 young (3072K), 3 survivors (3072K)
 Metaspace       used 114756K, committed 115520K, reserved 1155072K
  class space    used 15981K, committed 16384K, reserved 1048576K
}
Event: 35.451 GC heap before
{Heap before GC invocations=56 (full 0):
 garbage-first heap   total 194560K, used 121403K [0x0000000080000000, 0x0000000100000000)
  region size 1024K, 9 young (9216K), 3 survivors (3072K)
 Metaspace       used 114903K, committed 115712K, reserved 1155072K
  class space    used 15991K, committed 16384K, reserved 1048576K
}
Event: 35.457 GC heap after
{Heap after GC invocations=57 (full 0):
 garbage-first heap   total 194560K, used 113165K [0x0000000080000000, 0x0000000100000000)
  region size 1024K, 1 young (1024K), 1 survivors (1024K)
 Metaspace       used 114903K, committed 115712K, reserved 1155072K
  class space    used 15991K, committed 16384K, reserved 1048576K
}
Event: 35.802 GC heap before
{Heap before GC invocations=57 (full 0):
 garbage-first heap   total 194560K, used 162317K [0x0000000080000000, 0x0000000100000000)
  region size 1024K, 49 young (50176K), 1 survivors (1024K)
 Metaspace       used 116060K, committed 116864K, reserved 1155072K
  class space    used 16112K, committed 16512K, reserved 1048576K
}
Event: 35.805 GC heap after
{Heap after GC invocations=58 (full 0):
 garbage-first heap   total 194560K, used 114146K [0x0000000080000000, 0x0000000100000000)
  region size 1024K, 2 young (2048K), 2 survivors (2048K)
 Metaspace       used 116060K, committed 116864K, reserved 1155072K
  class space    used 16112K, committed 16512K, reserved 1048576K
}
Event: 36.962 GC heap before
{Heap before GC invocations=58 (full 0):
 garbage-first heap   total 194560K, used 162274K [0x0000000080000000, 0x0000000100000000)
  region size 1024K, 50 young (51200K), 2 survivors (2048K)
 Metaspace       used 120784K, committed 121664K, reserved 1155072K
  class space    used 16853K, committed 17280K, reserved 1048576K
}
Event: 36.967 GC heap after
{Heap after GC invocations=59 (full 0):
 garbage-first heap   total 194560K, used 116975K [0x0000000080000000, 0x0000000100000000)
  region size 1024K, 5 young (5120K), 5 survivors (5120K)
 Metaspace       used 120784K, committed 121664K, reserved 1155072K
  class space    used 16853K, committed 17280K, reserved 1048576K
}
Event: 37.203 GC heap before
{Heap before GC invocations=59 (full 0):
 garbage-first heap   total 194560K, used 128239K [0x0000000080000000, 0x0000000100000000)
  region size 1024K, 14 young (14336K), 5 survivors (5120K)
 Metaspace       used 121685K, committed 122560K, reserved 1155072K
  class space    used 16989K, committed 17408K, reserved 1048576K
}
Event: 37.208 GC heap after
{Heap after GC invocations=60 (full 0):
 garbage-first heap   total 194560K, used 121410K [0x0000000080000000, 0x0000000100000000)
  region size 1024K, 4 young (4096K), 4 survivors (4096K)
 Metaspace       used 121685K, committed 122560K, reserved 1155072K
  class space    used 16989K, committed 17408K, reserved 1048576K
}

