# JRE version: OpenJDK Runtime Environment (17.0.6) (build 17.0.6+0-b2043.56-10027231)
# Java VM: OpenJDK 64-Bit Server VM (17.0.6+0-b2043.56-10027231, mixed mode, tiered, compressed oops, compressed class ptrs, g1 gc, windows-amd64)
GC Precious Log:
 CPUs: 8 total, 8 available
 Memory: 16179M
 Large Page Support: Disabled
 NUMA Support: Disabled
 Compressed Oops: Enabled (32-bit)
 Heap Region Size: 1M
 Heap Min Capacity: 8M
 Heap Initial Capacity: 254M
 Heap Max Capacity: 2G
 Pre-touch: Disabled
 Parallel Workers: 8
 Concurrent Workers: 2
 Concurrent Refinement Workers: 8
 Periodic GC: Disabled
Heap:
 garbage-first heap   total 302080K, used 178453K [0x0000000080000000, 0x0000000100000000)
  region size 1024K, 6 young (6144K), 3 survivors (3072K)
 Metaspace       used 127626K, committed 128704K, reserved 1163264K
  class space    used 17530K, committed 18048K, reserved 1048576K
GC Heap History (20 events):
Event: 112.033 GC heap before
{Heap before GC invocations=42 (full 0):
 garbage-first heap   total 233472K, used 199032K [0x0000000080000000, 0x0000000100000000)
  region size 1024K, 77 young (78848K), 5 survivors (5120K)
 Metaspace       used 122161K, committed 123008K, reserved 1155072K
  class space    used 17081K, committed 17472K, reserved 1048576K
}
Event: 112.041 GC heap after
{Heap after GC invocations=43 (full 0):
 garbage-first heap   total 233472K, used 120289K [0x0000000080000000, 0x0000000100000000)
  region size 1024K, 10 young (10240K), 10 survivors (10240K)
 Metaspace       used 122161K, committed 123008K, reserved 1155072K
  class space    used 17081K, committed 17472K, reserved 1048576K
}
Event: 114.895 GC heap before
{Heap before GC invocations=43 (full 0):
 garbage-first heap   total 233472K, used 188897K [0x0000000080000000, 0x0000000100000000)
  region size 1024K, 78 young (79872K), 10 survivors (10240K)
 Metaspace       used 122819K, committed 123712K, reserved 1155072K
  class space    used 17092K, committed 17536K, reserved 1048576K
}
Event: 114.903 GC heap after
{Heap after GC invocations=44 (full 0):
 garbage-first heap   total 233472K, used 126057K [0x0000000080000000, 0x0000000100000000)
  region size 1024K, 6 young (6144K), 6 survivors (6144K)
 Metaspace       used 122819K, committed 123712K, reserved 1155072K
  class space    used 17092K, committed 17536K, reserved 1048576K
}
Event: 175.654 GC heap before
{Heap before GC invocations=44 (full 0):
 garbage-first heap   total 233472K, used 202857K [0x0000000080000000, 0x0000000100000000)
  region size 1024K, 70 young (71680K), 6 survivors (6144K)
 Metaspace       used 123404K, committed 124288K, reserved 1163264K
  class space    used 17112K, committed 17536K, reserved 1048576K
}
Event: 175.660 GC heap after
{Heap after GC invocations=45 (full 0):
 garbage-first heap   total 233472K, used 129117K [0x0000000080000000, 0x0000000100000000)
  region size 1024K, 6 young (6144K), 6 survivors (6144K)
 Metaspace       used 123404K, committed 124288K, reserved 1163264K
  class space    used 17112K, committed 17536K, reserved 1048576K
}
Event: 179.853 GC heap before
{Heap before GC invocations=45 (full 0):
 garbage-first heap   total 233472K, used 191581K [0x0000000080000000, 0x0000000100000000)
  region size 1024K, 68 young (69632K), 6 survivors (6144K)
 Metaspace       used 124157K, committed 125120K, reserved 1163264K
  class space    used 17134K, committed 17600K, reserved 1048576K
}
Event: 179.863 GC heap after
{Heap after GC invocations=46 (full 0):
 garbage-first heap   total 233472K, used 135136K [0x0000000080000000, 0x0000000100000000)
  region size 1024K, 7 young (7168K), 7 survivors (7168K)
 Metaspace       used 124157K, committed 125120K, reserved 1163264K
  class space    used 17134K, committed 17600K, reserved 1048576K
}
Event: 340.053 GC heap before
{Heap before GC invocations=46 (full 0):
 garbage-first heap   total 233472K, used 203744K [0x0000000080000000, 0x0000000100000000)
  region size 1024K, 63 young (64512K), 7 survivors (7168K)
 Metaspace       used 124705K, committed 125632K, reserved 1163264K
  class space    used 17142K, committed 17600K, reserved 1048576K
}
Event: 340.059 GC heap after
{Heap after GC invocations=47 (full 0):
 garbage-first heap   total 233472K, used 136969K [0x0000000080000000, 0x0000000100000000)
  region size 1024K, 3 young (3072K), 3 survivors (3072K)
 Metaspace       used 124705K, committed 125632K, reserved 1163264K
  class space    used 17142K, committed 17600K, reserved 1048576K
}
Event: 341.035 GC heap before
{Heap before GC invocations=47 (full 0):
 garbage-first heap   total 233472K, used 194313K [0x0000000080000000, 0x0000000100000000)
  region size 1024K, 60 young (61440K), 3 survivors (3072K)
 Metaspace       used 125121K, committed 126144K, reserved 1163264K
  class space    used 17186K, committed 17664K, reserved 1048576K
}
Event: 341.045 GC heap after
{Heap after GC invocations=48 (full 0):
 garbage-first heap   total 233472K, used 143815K [0x0000000080000000, 0x0000000100000000)
  region size 1024K, 8 young (8192K), 8 survivors (8192K)
 Metaspace       used 125121K, committed 126144K, reserved 1163264K
  class space    used 17186K, committed 17664K, reserved 1048576K
}
Event: 343.882 GC heap before
{Heap before GC invocations=48 (full 0):
 garbage-first heap   total 233472K, used 192967K [0x0000000080000000, 0x0000000100000000)
  region size 1024K, 57 young (58368K), 8 survivors (8192K)
 Metaspace       used 125473K, committed 126464K, reserved 1163264K
  class space    used 17194K, committed 17664K, reserved 1048576K
}
Event: 343.889 GC heap after
{Heap after GC invocations=49 (full 0):
 garbage-first heap   total 233472K, used 145950K [0x0000000080000000, 0x0000000100000000)
  region size 1024K, 3 young (3072K), 3 survivors (3072K)
 Metaspace       used 125473K, committed 126464K, reserved 1163264K
  class space    used 17194K, committed 17664K, reserved 1048576K
}
Event: 541.225 GC heap before
{Heap before GC invocations=49 (full 0):
 garbage-first heap   total 233472K, used 197150K [0x0000000080000000, 0x0000000100000000)
  region size 1024K, 38 young (38912K), 3 survivors (3072K)
 Metaspace       used 125910K, committed 126912K, reserved 1163264K
  class space    used 17245K, committed 17728K, reserved 1048576K
}
Event: 541.229 GC heap after
{Heap after GC invocations=50 (full 0):
 garbage-first heap   total 233472K, used 151323K [0x0000000080000000, 0x0000000100000000)
  region size 1024K, 3 young (3072K), 3 survivors (3072K)
 Metaspace       used 125910K, committed 126912K, reserved 1163264K
  class space    used 17245K, committed 17728K, reserved 1048576K
}
Event: 541.531 GC heap before
{Heap before GC invocations=50 (full 0):
 garbage-first heap   total 233472K, used 179995K [0x0000000080000000, 0x0000000100000000)
  region size 1024K, 16 young (16384K), 3 survivors (3072K)
 Metaspace       used 126524K, committed 127680K, reserved 1163264K
  class space    used 17372K, committed 17920K, reserved 1048576K
}
Event: 541.534 GC heap after
{Heap after GC invocations=51 (full 0):
 garbage-first heap   total 233472K, used 172404K [0x0000000080000000, 0x0000000100000000)
  region size 1024K, 6 young (6144K), 6 survivors (6144K)
 Metaspace       used 126524K, committed 127680K, reserved 1163264K
  class space    used 17372K, committed 17920K, reserved 1048576K
}
Event: 541.847 GC heap before
{Heap before GC invocations=52 (full 0):
 garbage-first heap   total 302080K, used 195956K [0x0000000080000000, 0x0000000100000000)
  region size 1024K, 28 young (28672K), 6 survivors (6144K)
 Metaspace       used 127473K, committed 128576K, reserved 1163264K
  class space    used 17501K, committed 18048K, reserved 1048576K
}
Event: 541.852 GC heap after
{Heap after GC invocations=53 (full 0):
 garbage-first heap   total 302080K, used 177429K [0x0000000080000000, 0x0000000100000000)
  region size 1024K, 3 young (3072K), 3 survivors (3072K)
 Metaspace       used 127473K, committed 128576K, reserved 1163264K
  class space    used 17501K, committed 18048K, reserved 1048576K
}

